<?xml version="1.0" encoding="UTF-8"?>
<!-- Generated by org.testng.reporters.JUnitReportReporter -->
<testsuite hostname="Pebbles" failures="0" tests="5" name="com.tests.TeckarchTestApiTestscripE2E" time="48.733" errors="0" timestamp="2023-03-10T18:16:10 EST" skipped="0">
  <testcase classname="com.tests.TeckarchTestApiTestscripE2E" name="TCloginToApi" time="4.361"/>
  <system-out/>
  <testcase classname="com.tests.TeckarchTestApiTestscripE2E" name="TCgetUserData" time="18.378"/>
  <system-out/>
  <testcase classname="com.tests.TeckarchTestApiTestscripE2E" name="TCaddUserData" time="0.770"/>
  <system-out/>
  <testcase classname="com.tests.TeckarchTestApiTestscripE2E" name="TCupdateUserData" time="12.314"/>
  <system-out/>
  <testcase classname="com.tests.TeckarchTestApiTestscripE2E" name="deleteUserData" time="12.910"/>
  <system-out/>
</testsuite> <!-- com.tests.TeckarchTestApiTestscripE2E -->
